<?xml version="1.0" encoding="UTF-8"?>
<!-- Generated by org.testng.reporters.JUnitReportReporter -->
<testsuite hostname="LENOVO-PC" failures="0" tests="2" name="search_module.demo" time="55.167" errors="0" timestamp="2024-04-05T19:03:42 IST" skipped="0">
  <testcase classname="search_module.demo" name="dataprovidecode" time="22.419"/>
  <testcase classname="search_module.demo" name="dataprovidecode" time="32.748"/>
</testsuite> <!-- search_module.demo -->
