<?xml version="1.0" encoding="UTF-8"?>
<!-- Generated by org.testng.reporters.JUnitReportReporter -->
<testsuite hostname="LENOVO-PC" failures="0" tests="9" name="e_commerce_automationprj.logout" time="62.395" errors="0" timestamp="2024-04-10T23:58:22 IST" skipped="0">
  <testcase classname="e_commerce_automationprj.logout" name="signin" time="10.481"/>
  <testcase classname="e_commerce_automationprj.logout" name="customer_info" time="3.265"/>
  <testcase classname="e_commerce_automationprj.logout" name="searchbox" time="3.871"/>
  <testcase classname="e_commerce_automationprj.logout" name="listpage" time="1.966"/>
  <testcase classname="e_commerce_automationprj.logout" name="product_details" time="15.924"/>
  <testcase classname="e_commerce_automationprj.logout" name="shopping_cartdetails" time="3.289"/>
  <testcase classname="e_commerce_automationprj.logout" name="shipping_page" time="14.370"/>
  <testcase classname="e_commerce_automationprj.logout" name="payment_details" time="4.087"/>
  <testcase classname="e_commerce_automationprj.logout" name="confirmdetails" time="5.142"/>
</testsuite> <!-- e_commerce_automationprj.logout -->
