<?xml version="1.0" encoding="UTF-8"?>
<!-- Generated by org.testng.reporters.JUnitReportReporter -->
<testsuite hostname="LENOVO-PC" failures="0" tests="9" name="e_commerce_automationprj.A_testscenarios" time="100.008" errors="0" timestamp="2024-04-11T15:41:50 IST" skipped="0">
  <testcase classname="e_commerce_automationprj.A_testscenarios" name="signin" time="12.366"/>
  <testcase classname="e_commerce_automationprj.A_testscenarios" name="customer_info" time="8.656"/>
  <testcase classname="e_commerce_automationprj.A_testscenarios" name="searchbox" time="10.241"/>
  <testcase classname="e_commerce_automationprj.A_testscenarios" name="listpage" time="3.944"/>
  <testcase classname="e_commerce_automationprj.A_testscenarios" name="product_details" time="32.222"/>
  <testcase classname="e_commerce_automationprj.A_testscenarios" name="shopping_cartdetails" time="6.380"/>
  <testcase classname="e_commerce_automationprj.A_testscenarios" name="shipping_page" time="13.066"/>
  <testcase classname="e_commerce_automationprj.A_testscenarios" name="payment_details" time="4.215"/>
  <testcase classname="e_commerce_automationprj.A_testscenarios" name="confirmdetails" time="8.918"/>
</testsuite> <!-- e_commerce_automationprj.A_testscenarios -->
